Content-Type: text/plain; charset="utf-8"
MIME-Version: 1.0
Content-Transfer-Encoding: 8bit
Subject: 
 =?utf-8?b?0KHQsdGA0L7RgSDQv9Cw0YDQvtC70Y8g0L3QsCAxMjcuMC4wLjE6ODAwMA==?=
From: webmaster@localhost
To: sergey43773@gmail.com
Date: Wed, 20 Jan 2021 00:00:35 -0000
Message-ID: 
 <161110083503.2592.12746400904085759935@DESKTOP-OE7492S.cn.ru_novotelecom.ru>


Вы получили это письмо, потому что вы (или кто-то другой) запросили восстановление пароля от учётной записи на сайте 127.0.0.1:8000, которая связана с этим адресом электронной почты.

Пожалуйста, перейдите на эту страницу и введите новый пароль:

http://127.0.0.1:8000/auth/reset/Mg/agri4z-22624f1031c352a41f63482812e44a54/

Ваше имя пользователя (на случай, если вы его забыли): Sergey

Спасибо, что используете наш сайт!

Команда сайта 127.0.0.1:8000



-------------------------------------------------------------------------------
Content-Type: text/plain; charset="utf-8"
MIME-Version: 1.0
Content-Transfer-Encoding: 8bit
Subject: 
 =?utf-8?b?0KHQsdGA0L7RgSDQv9Cw0YDQvtC70Y8g0L3QsCAxMjcuMC4wLjE6ODAwMA==?=
From: webmaster@localhost
To: sergey43773@gmail.com
Date: Wed, 20 Jan 2021 00:00:35 -0000
Message-ID: 
 <161110083503.2592.17305555934795897413@DESKTOP-OE7492S.cn.ru_novotelecom.ru>


Вы получили это письмо, потому что вы (или кто-то другой) запросили восстановление пароля от учётной записи на сайте 127.0.0.1:8000, которая связана с этим адресом электронной почты.

Пожалуйста, перейдите на эту страницу и введите новый паролпервая частьь:

http://127.0.0.1:8000/auth/reset/MTA/agri4z-012694e1fb04816178ba26074d28dd8a/

Ваше имя пользователя (на случай, если вы его забыли): Sergey8

Спасибо, что используете наш сайт!

Команда сайта 127.0.0.1:8000



-------------------------------------------------------------------------------
Content-Type: text/plain; charset="utf-8"
MIME-Version: 1.0
Content-Transfer-Encoding: 8bit
Subject: 
 =?utf-8?b?0KHQsdGA0L7RgSDQv9Cw0YDQvtC70Y8g0L3QsCAxMjcuMC4wLjE6ODAwMA==?=
From: webmaster@localhost
To: sergey43773@gmail.com
Date: Wed, 20 Jan 2021 00:00:35 -0000
Message-ID: 
 <161110083504.2592.14209951459242731707@DESKTOP-OE7492S.cn.ru_novotelecom.ru>


Вы получили это письмо, потому что вы (или кто-то другой) запросили восстановление пароля от учётной записи на сайте 127.0.0.1:8000, которая связана с этим адресом электронной почты.

Пожалуйста, перейдите на эту страницу и введите новый пароль:

http://127.0.0.1:8000/auth/reset/MTE/agri4z-5d25eb7e70aadd49f26ae4baad9ac350/

Ваше имя пользователя (на случай, если вы его забыли): Sergey9

Спасибо, что используете наш сайт!

Команда сайта 127.0.0.1:8000



-------------------------------------------------------------------------------
